<?xml version='1.0' encoding='UTF-8'?>
<testsuite hostname="LAPTOP-PB5GH7AF" name="CafeTest" tests="8" errors="0" failures="0" skipped="0" time="0.049" timestamp="2025-01-13T09:34:47">
          <properties>
[...]
</properties>
          <testcase classname="CafeTest" name="Cafe.bill should return correct prices for cola" time="0.04">
                      
                    </testcase><testcase classname="CafeTest" name="Cafe.bill should return correct prices for coffee" time="0.001">
                      
                    </testcase><testcase classname="CafeTest" name="Cafe.bill should return correct prices for Cheese Sandwich with service charge" time="0.001">
                      
                    </testcase><testcase classname="CafeTest" name="Cafe.bill should return correct prices for Steak Sandwich with service charge" time="0.001">
                      
                    </testcase><testcase classname="CafeTest" name="Cafe.bill should return correct price for order with multiple items with cold service charge" time="0.001">
                      
                    </testcase><testcase classname="CafeTest" name="Cafe.bill should return correct price for order with multiple items with hot service charge" time="0.001">
                      
                    </testcase><testcase classname="CafeTest" name="Cafe.bill should return correct price for order with multiple items with hot service charge and 2 sandwiches" time="0.001">
                      
                    </testcase><testcase classname="CafeTest" name="Cafe.bill should return price with £20 max service charge for hot service charge" time="0.003">
                      
                    </testcase>
          <system-out><![CDATA[]]></system-out>
          <system-err><![CDATA[]]></system-err>
        </testsuite>